<?xml version="1.0" encoding="UTF-8"?>
<!-- Generated by org.testng.reporters.JUnitReportReporter -->
<testsuite hostname="DESKTOP-RA9KB26" failures="0" tests="1" name="Groups.Testng_G2" time="0.010" errors="0" timestamp="2024-10-02T15:54:48 IST" skipped="0">
  <testcase classname="Groups.Testng_G2" name="Test_Method_TU3" time="0.010"/>
  <system-out/>
</testsuite> <!-- Groups.Testng_G2 -->
