<?xml version="1.0" encoding="UTF-8"?>
<!-- Generated by org.testng.reporters.JUnitReportReporter -->
<testsuite hostname="DESKTOP-RA9KB26" failures="0" tests="1" name="Tools.Log_4j" time="0.076" errors="0" timestamp="2024-10-08T15:54:26 IST" skipped="0">
  <testcase classname="Tools.Log_4j" name="logReport" time="0.076"/>
  <system-out/>
</testsuite> <!-- Tools.Log_4j -->
