<?xml version="1.0" encoding="UTF-8"?>
<!-- Generated by org.testng.reporters.JUnitReportReporter -->
<testsuite hostname="DESKTOP-RA9KB26" failures="0" tests="2" name="Data.Data_p1" time="5.755" errors="0" timestamp="2024-10-04T15:38:55 IST" skipped="0">
  <testcase classname="Data.Data_p1" name="Face_Blog" time="3.932"/>
  <system-out/>
  <testcase classname="Data.Data_p1" name="Face_Blog" time="1.823"/>
  <system-out/>
</testsuite> <!-- Data.Data_p1 -->
