<?xml version="1.0" encoding="UTF-8"?>
<!-- Generated by org.testng.reporters.JUnitReportReporter -->
<testsuite hostname="DESKTOP-RA9KB26" failures="0" tests="2" name="Groups.Testng_G1" time="0.013" errors="0" timestamp="2024-10-02T16:11:41 IST" skipped="0">
  <testcase classname="Groups.Testng_G1" name="Test_Method4" time="0.004"/>
  <system-out/>
  <testcase classname="Groups.Testng_G1" name="Test_Method2" time="0.009"/>
  <system-out/>
</testsuite> <!-- Groups.Testng_G1 -->
