<?xml version="1.0" encoding="UTF-8"?>
<!-- Generated by org.testng.reporters.JUnitReportReporter -->
<testsuite hostname="DESKTOP-RA9KB26" failures="0" tests="1" name="Practice_Annotations.Generic_Practice_Annotations" time="11.478" errors="0" timestamp="2024-10-16T16:23:38 IST" skipped="0">
  <testcase classname="Practice_Annotations.Generic_Practice_Annotations" name="action" time="11.478"/>
  <system-out/>
</testsuite> <!-- Practice_Annotations.Generic_Practice_Annotations -->
