<?xml version="1.0" encoding="UTF-8"?>
<!-- Generated by org.testng.reporters.JUnitReportReporter -->
<testsuite hostname="DESKTOP-RA9KB26" failures="0" tests="1" name="Tools.Extent_Report" time="0.348" errors="0" timestamp="2024-10-08T12:09:23 IST" skipped="0">
  <testcase classname="Tools.Extent_Report" name="Test_Re" time="0.348"/>
  <system-out/>
</testsuite> <!-- Tools.Extent_Report -->
