<?xml version="1.0" encoding="UTF-8"?>
<!-- Generated by org.testng.reporters.JUnitReportReporter -->
<testsuite hostname="DESKTOP-RA9KB26" failures="0" tests="2" name="Runner_Script.Runner_Script_Cl1" time="4.473" errors="0" timestamp="2024-10-05T14:04:11 IST" skipped="0">
  <testcase classname="Runner_Script.Runner_Script_Cl1" name="Fb_Run" time="1.922"/>
  <system-out/>
  <testcase classname="Runner_Script.Runner_Script_Cl1" name="Fb_Run" time="2.551"/>
  <system-out/>
</testsuite> <!-- Runner_Script.Runner_Script_Cl1 -->
